# JRE version: OpenJDK Runtime Environment Microsoft-7208460 (11.0.18+10) (build 11.0.18+10-LTS)
# Java VM: OpenJDK 64-Bit Server VM Microsoft-7208460 (11.0.18+10-LTS, mixed mode, tiered, compressed oops, g1 gc, windows-amd64)
Heap:
 garbage-first heap   total 270336K, used 120759K [0x0000000080000000, 0x0000000100000000)
  region size 1024K, 2 young (2048K), 2 survivors (2048K)
 Metaspace       used 104331K, capacity 108048K, committed 108240K, reserved 610304K
  class space    used 13785K, capacity 15144K, committed 15232K, reserved 516096K
GC Heap History (20 events):
Event: 39.743 GC heap after
{Heap after GC invocations=70 (full 0):
 garbage-first heap   total 115712K, used 94369K [0x0000000080000000, 0x0000000100000000)
  region size 1024K, 1 young (1024K), 1 survivors (1024K)
 Metaspace       used 97368K, capacity 100223K, committed 100432K, reserved 604160K
  class space    used 12867K, capacity 14006K, committed 14080K, reserved 516096K
}
Event: 39.821 GC heap before
{Heap before GC invocations=70 (full 0):
 garbage-first heap   total 115712K, used 98465K [0x0000000080000000, 0x0000000100000000)
  region size 1024K, 6 young (6144K), 1 survivors (1024K)
 Metaspace       used 97504K, capacity 100302K, committed 100432K, reserved 604160K
  class space    used 12888K, capacity 14011K, committed 14080K, reserved 516096K
}
Event: 39.823 GC heap after
{Heap after GC invocations=71 (full 0):
 garbage-first heap   total 115712K, used 94588K [0x0000000080000000, 0x0000000100000000)
  region size 1024K, 1 young (1024K), 1 survivors (1024K)
 Metaspace       used 97504K, capacity 100302K, committed 100432K, reserved 604160K
  class space    used 12888K, capacity 14011K, committed 14080K, reserved 516096K
}
Event: 39.875 GC heap before
{Heap before GC invocations=72 (full 0):
 garbage-first heap   total 115712K, used 99708K [0x0000000080000000, 0x0000000100000000)
  region size 1024K, 6 young (6144K), 1 survivors (1024K)
 Metaspace       used 97644K, capacity 100480K, committed 100688K, reserved 604160K
  class space    used 12919K, capacity 14049K, committed 14080K, reserved 516096K
}
Event: 39.878 GC heap after
{Heap after GC invocations=73 (full 0):
 garbage-first heap   total 139264K, used 94967K [0x0000000080000000, 0x0000000100000000)
  region size 1024K, 1 young (1024K), 1 survivors (1024K)
 Metaspace       used 97644K, capacity 100480K, committed 100688K, reserved 604160K
  class space    used 12919K, capacity 14049K, committed 14080K, reserved 516096K
}
Event: 40.005 GC heap before
{Heap before GC invocations=73 (full 0):
 garbage-first heap   total 139264K, used 108279K [0x0000000080000000, 0x0000000100000000)
  region size 1024K, 14 young (14336K), 1 survivors (1024K)
 Metaspace       used 97856K, capacity 100691K, committed 100944K, reserved 604160K
  class space    used 12948K, capacity 14055K, committed 14080K, reserved 516096K
}
Event: 40.010 GC heap after
{Heap after GC invocations=74 (full 0):
 garbage-first heap   total 139264K, used 96177K [0x0000000080000000, 0x0000000100000000)
  region size 1024K, 2 young (2048K), 2 survivors (2048K)
 Metaspace       used 97856K, capacity 100691K, committed 100944K, reserved 604160K
  class space    used 12948K, capacity 14055K, committed 14080K, reserved 516096K
}
Event: 40.282 GC heap before
{Heap before GC invocations=75 (full 0):
 garbage-first heap   total 139264K, used 109489K [0x0000000080000000, 0x0000000100000000)
  region size 1024K, 15 young (15360K), 2 survivors (2048K)
 Metaspace       used 98861K, capacity 101694K, committed 101968K, reserved 604160K
  class space    used 13104K, capacity 14236K, committed 14336K, reserved 516096K
}
Event: 40.286 GC heap after
{Heap after GC invocations=76 (full 0):
 garbage-first heap   total 139264K, used 96814K [0x0000000080000000, 0x0000000100000000)
  region size 1024K, 1 young (1024K), 1 survivors (1024K)
 Metaspace       used 98861K, capacity 101694K, committed 101968K, reserved 604160K
  class space    used 13104K, capacity 14236K, committed 14336K, reserved 516096K
}
Event: 40.583 GC heap before
{Heap before GC invocations=76 (full 0):
 garbage-first heap   total 139264K, used 111150K [0x0000000080000000, 0x0000000100000000)
  region size 1024K, 15 young (15360K), 1 survivors (1024K)
 Metaspace       used 100076K, capacity 102910K, committed 103120K, reserved 606208K
  class space    used 13306K, capacity 14428K, committed 14464K, reserved 516096K
}
Event: 40.587 GC heap after
{Heap after GC invocations=77 (full 0):
 garbage-first heap   total 139264K, used 97076K [0x0000000080000000, 0x0000000100000000)
  region size 1024K, 1 young (1024K), 1 survivors (1024K)
 Metaspace       used 100076K, capacity 102910K, committed 103120K, reserved 606208K
  class space    used 13306K, capacity 14428K, committed 14464K, reserved 516096K
}
Event: 41.149 GC heap before
{Heap before GC invocations=78 (full 0):
 garbage-first heap   total 139264K, used 112436K [0x0000000080000000, 0x0000000100000000)
  region size 1024K, 16 young (16384K), 1 survivors (1024K)
 Metaspace       used 102200K, capacity 105053K, committed 105168K, reserved 608256K
  class space    used 13552K, capacity 14641K, committed 14720K, reserved 516096K
}
Event: 41.153 GC heap after
{Heap after GC invocations=79 (full 0):
 garbage-first heap   total 185344K, used 98051K [0x0000000080000000, 0x0000000100000000)
  region size 1024K, 2 young (2048K), 2 survivors (2048K)
 Metaspace       used 102200K, capacity 105053K, committed 105168K, reserved 608256K
  class space    used 13552K, capacity 14641K, committed 14720K, reserved 516096K
}
Event: 41.455 GC heap before
{Heap before GC invocations=79 (full 0):
 garbage-first heap   total 185344K, used 112387K [0x0000000080000000, 0x0000000100000000)
  region size 1024K, 17 young (17408K), 2 survivors (2048K)
 Metaspace       used 102439K, capacity 105408K, committed 105680K, reserved 608256K
  class space    used 13575K, capacity 14664K, committed 14720K, reserved 516096K
}
Event: 41.480 GC heap after
{Heap after GC invocations=80 (full 0):
 garbage-first heap   total 185344K, used 101222K [0x0000000080000000, 0x0000000100000000)
  region size 1024K, 4 young (4096K), 4 survivors (4096K)
 Metaspace       used 102439K, capacity 105408K, committed 105680K, reserved 608256K
  class space    used 13575K, capacity 14664K, committed 14720K, reserved 516096K
}
Event: 42.807 GC heap before
{Heap before GC invocations=81 (full 0):
 garbage-first heap   total 185344K, used 136038K [0x0000000080000000, 0x0000000100000000)
  region size 1024K, 33 young (33792K), 4 survivors (4096K)
 Metaspace       used 103399K, capacity 106745K, committed 107088K, reserved 608256K
  class space    used 13723K, capacity 14980K, committed 15104K, reserved 516096K
}
Event: 42.814 GC heap after
{Heap after GC invocations=82 (full 0):
 garbage-first heap   total 185344K, used 113259K [0x0000000080000000, 0x0000000100000000)
  region size 1024K, 5 young (5120K), 5 survivors (5120K)
 Metaspace       used 103399K, capacity 106745K, committed 107088K, reserved 608256K
  class space    used 13723K, capacity 14980K, committed 15104K, reserved 516096K
}
Event: 43.927 GC heap before
{Heap before GC invocations=82 (full 0):
 garbage-first heap   total 185344K, used 138859K [0x0000000080000000, 0x0000000100000000)
  region size 1024K, 30 young (30720K), 5 survivors (5120K)
 Metaspace       used 104014K, capacity 107756K, committed 107984K, reserved 610304K
  class space    used 13783K, capacity 15140K, committed 15232K, reserved 516096K
}
Event: 43.940 GC heap after
{Heap after GC invocations=83 (full 0):
 garbage-first heap   total 185344K, used 118487K [0x0000000080000000, 0x0000000100000000)
  region size 1024K, 4 young (4096K), 4 survivors (4096K)
 Metaspace       used 104014K, capacity 107756K, committed 107984K, reserved 610304K
  class space    used 13783K, capacity 15140K, committed 15232K, reserved 516096K
}
Event: 45.466 GC heap before
{Heap before GC invocations=84 (full 0):
 garbage-first heap   total 185344K, used 142039K [0x0000000080000000, 0x0000000100000000)
  region size 1024K, 28 young (28672K), 4 survivors (4096K)
 Metaspace       used 104331K, capacity 108048K, committed 108240K, reserved 610304K
  class space    used 13785K, capacity 15144K, committed 15232K, reserved 516096K
}

